=== Suite started at 2023-03-14 15:53:53
=== Starting test, 6 test cases
=cases         6
=user          runner
=host          nohost
=hosts         nohost 
=emulator_vsn  13.2
=emulator      beam
=otp_release   25
=started       2023-03-14 15:53:53
=case          textgroup_SUITE:init_per_suite
=logfile       textgroup_suite.init_per_suite.html
=started       2023-03-14 15:53:53
=ended         2023-03-14 15:53:53
=result        ok
=elapsed       8.0e-6
=case          textgroup_SUITE:start_server
=logfile       textgroup_suite.start_server.html
=started       2023-03-14 15:53:53
=ended         2023-03-14 15:53:53
=result        ok
=elapsed       0.014424
=case          textgroup_SUITE:peers
=logfile       textgroup_suite.peers.html
=started       2023-03-14 15:53:53
=ended         2023-03-14 15:53:53
=result        ok
=elapsed       0.003348
=case          textgroup_SUITE:stats
=logfile       textgroup_suite.stats.html
=started       2023-03-14 15:53:53
=ended         2023-03-14 15:53:53
=result        ok
=elapsed       0.00357
=case          textgroup_SUITE:help
=logfile       textgroup_suite.help.html
=started       2023-03-14 15:53:53
=ended         2023-03-14 15:53:53
=result        ok
=elapsed       0.005111
=case          textgroup_SUITE:config_change
=logfile       textgroup_suite.config_change.html
=started       2023-03-14 15:53:53
=ended         2023-03-14 15:53:53
=result        ok
=elapsed       8.5e-5
=case          textgroup_SUITE:stop_server
=logfile       textgroup_suite.stop_server.html
=started       2023-03-14 15:53:53
=ended         2023-03-14 15:53:53
=result        ok
=elapsed       0.001255
=case          textgroup_SUITE:end_per_suite
=logfile       textgroup_suite.end_per_suite.html
=started       2023-03-14 15:53:53
=ended         2023-03-14 15:53:53
=result        ok
=elapsed       0.0
=group_time    0.215s
=== TEST COMPLETE, 6 ok, 0 failed of 6 test cases

=finished      2023-03-14 15:53:53
=failed        0
=successful    6
=user_skipped  0
=auto_skipped  0
