=== Suite started at 2025-05-24 11:17:18
=== Starting test, 7 test cases
=cases         7
=user          runner
=host          nohost
=hosts         nohost 
=emulator_vsn  16.0
=emulator      beam
=otp_release   28
=started       2025-05-24 11:17:18
=case          textgroup_SUITE:init_per_suite
=logfile       textgroup_suite.init_per_suite.html
=started       2025-05-24 11:17:18
=ended         2025-05-24 11:17:18
=result        ok
=elapsed       0.000005s
=case          textgroup_SUITE:start_server
=logfile       textgroup_suite.start_server.html
=started       2025-05-24 11:17:18
=ended         2025-05-24 11:17:19
=result        ok
=elapsed       0.006078s
=case          textgroup_SUITE:peers
=logfile       textgroup_suite.peers.html
=started       2025-05-24 11:17:19
=ended         2025-05-24 11:17:19
=result        ok
=elapsed       0.003152s
=case          textgroup_SUITE:stats
=logfile       textgroup_suite.stats.html
=started       2025-05-24 11:17:19
=ended         2025-05-24 11:17:19
=result        ok
=elapsed       0.003145s
=case          textgroup_SUITE:help
=logfile       textgroup_suite.help.html
=started       2025-05-24 11:17:19
=ended         2025-05-24 11:17:19
=result        ok
=elapsed       0.003277s
=case          textgroup_SUITE:get_state
=logfile       textgroup_suite.get_state.html
=started       2025-05-24 11:17:19
=ended         2025-05-24 11:17:31
=result        ok
=elapsed       11.978402s
=case          textgroup_SUITE:config_change
=logfile       textgroup_suite.config_change.html
=started       2025-05-24 11:17:31
=ended         2025-05-24 11:17:31
=result        ok
=elapsed       0.000050s
=case          textgroup_SUITE:stop_server
=logfile       textgroup_suite.stop_server.html
=started       2025-05-24 11:17:31
=ended         2025-05-24 11:17:34
=result        ok
=elapsed       2.980450s
=case          textgroup_SUITE:end_per_suite
=logfile       textgroup_suite.end_per_suite.html
=started       2025-05-24 11:17:34
=ended         2025-05-24 11:17:34
=result        ok
=elapsed       0.000000s
=group_time    15.157s
=== TEST COMPLETE, 7 ok, 0 failed of 7 test cases

=finished      2025-05-24 11:17:34
=failed        0
=successful    7
=user_skipped  0
=auto_skipped  0
=elapsed_time  15189739
