=== Suite started at 2023-07-27 15:02:16
=== Starting test, 7 test cases
=cases         7
=user          runner
=host          nohost
=hosts         nohost 
=emulator_vsn  14.0
=emulator      beam
=otp_release   26
=started       2023-07-27 15:02:16
=case          textgroup_SUITE:init_per_suite
=logfile       textgroup_suite.init_per_suite.html
=started       2023-07-27 15:02:16
=ended         2023-07-27 15:02:16
=result        ok
=elapsed       9.0e-6
=case          textgroup_SUITE:start_server
=logfile       textgroup_suite.start_server.html
=started       2023-07-27 15:02:16
=ended         2023-07-27 15:02:16
=result        ok
=elapsed       0.018479
=case          textgroup_SUITE:peers
=logfile       textgroup_suite.peers.html
=started       2023-07-27 15:02:16
=ended         2023-07-27 15:02:17
=result        ok
=elapsed       0.003643
=case          textgroup_SUITE:stats
=logfile       textgroup_suite.stats.html
=started       2023-07-27 15:02:17
=ended         2023-07-27 15:02:17
=result        ok
=elapsed       0.008527
=case          textgroup_SUITE:help
=logfile       textgroup_suite.help.html
=started       2023-07-27 15:02:17
=ended         2023-07-27 15:02:17
=result        ok
=elapsed       0.009356
=case          textgroup_SUITE:get_state
=logfile       textgroup_suite.get_state.html
=started       2023-07-27 15:02:17
=ended         2023-07-27 15:02:29
=result        ok
=elapsed       11.970169
=case          textgroup_SUITE:config_change
=logfile       textgroup_suite.config_change.html
=started       2023-07-27 15:02:29
=ended         2023-07-27 15:02:29
=result        ok
=elapsed       3.8e-5
=case          textgroup_SUITE:stop_server
=logfile       textgroup_suite.stop_server.html
=started       2023-07-27 15:02:29
=ended         2023-07-27 15:02:41
=result        ok
=elapsed       11.957157
=case          textgroup_SUITE:end_per_suite
=logfile       textgroup_suite.end_per_suite.html
=started       2023-07-27 15:02:41
=ended         2023-07-27 15:02:41
=result        ok
=elapsed       0.0
=group_time    24.168s
=== TEST COMPLETE, 7 ok, 0 failed of 7 test cases

=finished      2023-07-27 15:02:41
=failed        0
=successful    7
=user_skipped  0
=auto_skipped  0
