=== Suite started at 2023-08-09 09:04:24
=== Starting test, 7 test cases
=cases         7
=user          runner
=host          nohost
=hosts         nohost 
=emulator_vsn  14.0
=emulator      beam
=otp_release   26
=started       2023-08-09 09:04:24
=case          textgroup_SUITE:init_per_suite
=logfile       textgroup_suite.init_per_suite.html
=started       2023-08-09 09:04:24
=ended         2023-08-09 09:04:24
=result        ok
=elapsed       9.0e-6
=case          textgroup_SUITE:start_server
=logfile       textgroup_suite.start_server.html
=started       2023-08-09 09:04:24
=ended         2023-08-09 09:04:24
=result        ok
=elapsed       0.013704
=case          textgroup_SUITE:peers
=logfile       textgroup_suite.peers.html
=started       2023-08-09 09:04:24
=ended         2023-08-09 09:04:24
=result        ok
=elapsed       0.00406
=case          textgroup_SUITE:stats
=logfile       textgroup_suite.stats.html
=started       2023-08-09 09:04:24
=ended         2023-08-09 09:04:24
=result        ok
=elapsed       0.004086
=case          textgroup_SUITE:help
=logfile       textgroup_suite.help.html
=started       2023-08-09 09:04:24
=ended         2023-08-09 09:04:24
=result        ok
=elapsed       0.00543
=case          textgroup_SUITE:get_state
=logfile       textgroup_suite.get_state.html
=started       2023-08-09 09:04:24
=ended         2023-08-09 09:04:36
=result        ok
=elapsed       11.97119
=case          textgroup_SUITE:config_change
=logfile       textgroup_suite.config_change.html
=started       2023-08-09 09:04:36
=ended         2023-08-09 09:04:36
=result        ok
=elapsed       4.7e-5
=case          textgroup_SUITE:stop_server
=logfile       textgroup_suite.stop_server.html
=started       2023-08-09 09:04:36
=ended         2023-08-09 09:04:48
=result        ok
=elapsed       11.956369
=case          textgroup_SUITE:end_per_suite
=logfile       textgroup_suite.end_per_suite.html
=started       2023-08-09 09:04:48
=ended         2023-08-09 09:04:48
=result        ok
=elapsed       0.0
=group_time    24.165s
=== TEST COMPLETE, 7 ok, 0 failed of 7 test cases

=finished      2023-08-09 09:04:48
=failed        0
=successful    7
=user_skipped  0
=auto_skipped  0
