=== Suite started at 2023-11-15 14:36:26
=== Starting test, 7 test cases
=cases         7
=user          runner
=host          nohost
=hosts         nohost 
=emulator_vsn  14.1
=emulator      beam
=otp_release   26
=started       2023-11-15 14:36:26
=case          textgroup_SUITE:init_per_suite
=logfile       textgroup_suite.init_per_suite.html
=started       2023-11-15 14:36:26
=ended         2023-11-15 14:36:26
=result        ok
=elapsed       9.0e-6
=case          textgroup_SUITE:start_server
=logfile       textgroup_suite.start_server.html
=started       2023-11-15 14:36:26
=ended         2023-11-15 14:36:26
=result        ok
=elapsed       0.012995
=case          textgroup_SUITE:peers
=logfile       textgroup_suite.peers.html
=started       2023-11-15 14:36:26
=ended         2023-11-15 14:36:26
=result        ok
=elapsed       0.003779
=case          textgroup_SUITE:stats
=logfile       textgroup_suite.stats.html
=started       2023-11-15 14:36:26
=ended         2023-11-15 14:36:26
=result        ok
=elapsed       0.003789
=case          textgroup_SUITE:help
=logfile       textgroup_suite.help.html
=started       2023-11-15 14:36:26
=ended         2023-11-15 14:36:26
=result        ok
=elapsed       0.004226
=case          textgroup_SUITE:get_state
=logfile       textgroup_suite.get_state.html
=started       2023-11-15 14:36:26
=ended         2023-11-15 14:36:38
=result        ok
=elapsed       11.972679
=case          textgroup_SUITE:config_change
=logfile       textgroup_suite.config_change.html
=started       2023-11-15 14:36:38
=ended         2023-11-15 14:36:38
=result        ok
=elapsed       4.9e-5
=case          textgroup_SUITE:stop_server
=logfile       textgroup_suite.stop_server.html
=started       2023-11-15 14:36:38
=ended         2023-11-15 14:36:50
=result        ok
=elapsed       11.954969
=case          textgroup_SUITE:end_per_suite
=logfile       textgroup_suite.end_per_suite.html
=started       2023-11-15 14:36:50
=ended         2023-11-15 14:36:50
=result        ok
=elapsed       0.0
=group_time    24.158s
=== TEST COMPLETE, 7 ok, 0 failed of 7 test cases

=finished      2023-11-15 14:36:50
=failed        0
=successful    7
=user_skipped  0
=auto_skipped  0
