=== Suite started at 2023-07-27 19:08:05
=== Starting test, 7 test cases
=cases         7
=user          runner
=host          nohost
=hosts         nohost 
=emulator_vsn  14.0
=emulator      beam
=otp_release   26
=started       2023-07-27 19:08:05
=case          textgroup_SUITE:init_per_suite
=logfile       textgroup_suite.init_per_suite.html
=started       2023-07-27 19:08:05
=ended         2023-07-27 19:08:05
=result        ok
=elapsed       9.0e-6
=case          textgroup_SUITE:start_server
=logfile       textgroup_suite.start_server.html
=started       2023-07-27 19:08:05
=ended         2023-07-27 19:08:05
=result        ok
=elapsed       0.014591
=case          textgroup_SUITE:peers
=logfile       textgroup_suite.peers.html
=started       2023-07-27 19:08:05
=ended         2023-07-27 19:08:05
=result        ok
=elapsed       0.005151
=case          textgroup_SUITE:stats
=logfile       textgroup_suite.stats.html
=started       2023-07-27 19:08:05
=ended         2023-07-27 19:08:05
=result        ok
=elapsed       0.004419
=case          textgroup_SUITE:help
=logfile       textgroup_suite.help.html
=started       2023-07-27 19:08:05
=ended         2023-07-27 19:08:05
=result        ok
=elapsed       0.005192
=case          textgroup_SUITE:get_state
=logfile       textgroup_suite.get_state.html
=started       2023-07-27 19:08:05
=ended         2023-07-27 19:08:17
=result        ok
=elapsed       11.971899
=case          textgroup_SUITE:config_change
=logfile       textgroup_suite.config_change.html
=started       2023-07-27 19:08:17
=ended         2023-07-27 19:08:17
=result        ok
=elapsed       2.8e-5
=case          textgroup_SUITE:stop_server
=logfile       textgroup_suite.stop_server.html
=started       2023-07-27 19:08:17
=ended         2023-07-27 19:08:29
=result        ok
=elapsed       11.95622
=case          textgroup_SUITE:end_per_suite
=logfile       textgroup_suite.end_per_suite.html
=started       2023-07-27 19:08:29
=ended         2023-07-27 19:08:29
=result        ok
=elapsed       0.0
=group_time    24.167s
=== TEST COMPLETE, 7 ok, 0 failed of 7 test cases

=finished      2023-07-27 19:08:29
=failed        0
=successful    7
=user_skipped  0
=auto_skipped  0
