=== Suite started at 2023-03-14 15:57:30
=== Starting test, 6 test cases
=cases         6
=user          runner
=host          nohost
=hosts         nohost 
=emulator_vsn  13.2
=emulator      beam
=otp_release   25
=started       2023-03-14 15:57:30
=case          textgroup_SUITE:init_per_suite
=logfile       textgroup_suite.init_per_suite.html
=started       2023-03-14 15:57:30
=ended         2023-03-14 15:57:30
=result        ok
=elapsed       6.0e-6
=case          textgroup_SUITE:start_server
=logfile       textgroup_suite.start_server.html
=started       2023-03-14 15:57:30
=ended         2023-03-14 15:57:30
=result        ok
=elapsed       0.010304
=case          textgroup_SUITE:peers
=logfile       textgroup_suite.peers.html
=started       2023-03-14 15:57:30
=ended         2023-03-14 15:57:30
=result        ok
=elapsed       0.002564
=case          textgroup_SUITE:stats
=logfile       textgroup_suite.stats.html
=started       2023-03-14 15:57:30
=ended         2023-03-14 15:57:31
=result        ok
=elapsed       0.002764
=case          textgroup_SUITE:help
=logfile       textgroup_suite.help.html
=started       2023-03-14 15:57:31
=ended         2023-03-14 15:57:31
=result        ok
=elapsed       0.002804
=case          textgroup_SUITE:config_change
=logfile       textgroup_suite.config_change.html
=started       2023-03-14 15:57:31
=ended         2023-03-14 15:57:31
=result        ok
=elapsed       3.7e-5
=case          textgroup_SUITE:stop_server
=logfile       textgroup_suite.stop_server.html
=started       2023-03-14 15:57:31
=ended         2023-03-14 15:57:31
=result        ok
=elapsed       8.83e-4
=case          textgroup_SUITE:end_per_suite
=logfile       textgroup_suite.end_per_suite.html
=started       2023-03-14 15:57:31
=ended         2023-03-14 15:57:31
=result        ok
=elapsed       0.0
=group_time    0.191s
=== TEST COMPLETE, 6 ok, 0 failed of 6 test cases

=finished      2023-03-14 15:57:31
=failed        0
=successful    6
=user_skipped  0
=auto_skipped  0
