=== Suite started at 2022-06-15 10:32:15
=== Starting test, 5 test cases
=cases         5
=user          runner
=host          nohost
=hosts         nohost 
=emulator_vsn  13.0
=emulator      beam
=otp_release   25
=started       2022-06-15 10:32:15
=case          textgroup_SUITE:init_per_suite
=logfile       textgroup_suite.init_per_suite.html
=started       2022-06-15 10:32:15
=ended         2022-06-15 10:32:15
=result        ok
=elapsed       2.2e-5
=case          textgroup_SUITE:start_server
=logfile       textgroup_suite.start_server.html
=started       2022-06-15 10:32:15
=ended         2022-06-15 10:32:15
=result        ok
=elapsed       0.014109
=case          textgroup_SUITE:peers
=logfile       textgroup_suite.peers.html
=started       2022-06-15 10:32:15
=ended         2022-06-15 10:32:15
=result        ok
=elapsed       0.004958
=case          textgroup_SUITE:stats
=logfile       textgroup_suite.stats.html
=started       2022-06-15 10:32:15
=ended         2022-06-15 10:32:15
=result        ok
=elapsed       0.003695
=case          textgroup_SUITE:help
=logfile       textgroup_suite.help.html
=started       2022-06-15 10:32:15
=ended         2022-06-15 10:32:15
=result        ok
=elapsed       0.003657
=case          textgroup_SUITE:stop_server
=logfile       textgroup_suite.stop_server.html
=started       2022-06-15 10:32:15
=ended         2022-06-15 10:32:15
=result        ok
=elapsed       0.001205
=case          textgroup_SUITE:end_per_suite
=logfile       textgroup_suite.end_per_suite.html
=started       2022-06-15 10:32:15
=ended         2022-06-15 10:32:15
=result        ok
=elapsed       0.0
=group_time    0.183s
=== TEST COMPLETE, 5 ok, 0 failed of 5 test cases

=finished      2022-06-15 10:32:15
=failed        0
=successful    5
=user_skipped  0
=auto_skipped  0
