=== Suite started at 2024-10-10 12:26:08
=== Starting test, 7 test cases
=cases         7
=user          runner
=host          nohost
=hosts         nohost 
=emulator_vsn  15.1
=emulator      beam
=otp_release   27
=started       2024-10-10 12:26:08
=case          textgroup_SUITE:init_per_suite
=logfile       textgroup_suite.init_per_suite.html
=started       2024-10-10 12:26:08
=ended         2024-10-10 12:26:08
=result        ok
=elapsed       6.0e-6
=case          textgroup_SUITE:start_server
=logfile       textgroup_suite.start_server.html
=started       2024-10-10 12:26:08
=ended         2024-10-10 12:26:08
=result        ok
=elapsed       0.006534
=case          textgroup_SUITE:peers
=logfile       textgroup_suite.peers.html
=started       2024-10-10 12:26:08
=ended         2024-10-10 12:26:08
=result        ok
=elapsed       0.003119
=case          textgroup_SUITE:stats
=logfile       textgroup_suite.stats.html
=started       2024-10-10 12:26:08
=ended         2024-10-10 12:26:08
=result        ok
=elapsed       0.002443
=case          textgroup_SUITE:help
=logfile       textgroup_suite.help.html
=started       2024-10-10 12:26:08
=ended         2024-10-10 12:26:08
=result        ok
=elapsed       0.002758
=case          textgroup_SUITE:get_state
=logfile       textgroup_suite.get_state.html
=started       2024-10-10 12:26:08
=ended         2024-10-10 12:26:20
=result        ok
=elapsed       11.978058
=case          textgroup_SUITE:config_change
=logfile       textgroup_suite.config_change.html
=started       2024-10-10 12:26:20
=ended         2024-10-10 12:26:20
=result        ok
=elapsed       2.1e-5
=case          textgroup_SUITE:stop_server
=logfile       textgroup_suite.stop_server.html
=started       2024-10-10 12:26:20
=ended         2024-10-10 12:26:23
=result        ok
=elapsed       2.978298
=case          textgroup_SUITE:end_per_suite
=logfile       textgroup_suite.end_per_suite.html
=started       2024-10-10 12:26:23
=ended         2024-10-10 12:26:23
=result        ok
=elapsed       0.0
=group_time    15.157s
=== TEST COMPLETE, 7 ok, 0 failed of 7 test cases

=finished      2024-10-10 12:26:23
=failed        0
=successful    7
=user_skipped  0
=auto_skipped  0
=elapsed_time  15195935
