=== Suite started at 2024-10-10 12:20:04
=== Starting test, 7 test cases
=cases         7
=user          runner
=host          nohost
=hosts         nohost 
=emulator_vsn  15.1
=emulator      beam
=otp_release   27
=started       2024-10-10 12:20:04
=case          textgroup_SUITE:init_per_suite
=logfile       textgroup_suite.init_per_suite.html
=started       2024-10-10 12:20:04
=ended         2024-10-10 12:20:04
=result        ok
=elapsed       6.0e-6
=case          textgroup_SUITE:start_server
=logfile       textgroup_suite.start_server.html
=started       2024-10-10 12:20:04
=ended         2024-10-10 12:20:04
=result        ok
=elapsed       0.007488
=case          textgroup_SUITE:peers
=logfile       textgroup_suite.peers.html
=started       2024-10-10 12:20:04
=ended         2024-10-10 12:20:04
=result        ok
=elapsed       0.003009
=case          textgroup_SUITE:stats
=logfile       textgroup_suite.stats.html
=started       2024-10-10 12:20:04
=ended         2024-10-10 12:20:04
=result        ok
=elapsed       0.003278
=case          textgroup_SUITE:help
=logfile       textgroup_suite.help.html
=started       2024-10-10 12:20:04
=ended         2024-10-10 12:20:04
=result        ok
=elapsed       0.003466
=case          textgroup_SUITE:get_state
=logfile       textgroup_suite.get_state.html
=started       2024-10-10 12:20:04
=ended         2024-10-10 12:20:16
=result        ok
=elapsed       11.97735
=case          textgroup_SUITE:config_change
=logfile       textgroup_suite.config_change.html
=started       2024-10-10 12:20:16
=ended         2024-10-10 12:20:16
=result        ok
=elapsed       3.7e-5
=case          textgroup_SUITE:stop_server
=logfile       textgroup_suite.stop_server.html
=started       2024-10-10 12:20:16
=ended         2024-10-10 12:20:19
=result        ok
=elapsed       2.979533
=case          textgroup_SUITE:end_per_suite
=logfile       textgroup_suite.end_per_suite.html
=started       2024-10-10 12:20:19
=ended         2024-10-10 12:20:19
=result        ok
=elapsed       0.0
=group_time    15.164s
=== TEST COMPLETE, 7 ok, 0 failed of 7 test cases

=finished      2024-10-10 12:20:19
=failed        0
=successful    7
=user_skipped  0
=auto_skipped  0
=elapsed_time  15203819
