=== Suite started at 2024-07-31 16:05:08
=== Starting test, 7 test cases
=cases         7
=user          runner
=host          nohost
=hosts         nohost 
=emulator_vsn  15.0
=emulator      beam
=otp_release   27
=started       2024-07-31 16:05:08
=case          textgroup_SUITE:init_per_suite
=logfile       textgroup_suite.init_per_suite.html
=started       2024-07-31 16:05:08
=ended         2024-07-31 16:05:08
=result        ok
=elapsed       5.0e-6
=case          textgroup_SUITE:start_server
=logfile       textgroup_suite.start_server.html
=started       2024-07-31 16:05:08
=ended         2024-07-31 16:05:08
=result        ok
=elapsed       0.009133
=case          textgroup_SUITE:peers
=logfile       textgroup_suite.peers.html
=started       2024-07-31 16:05:08
=ended         2024-07-31 16:05:09
=result        ok
=elapsed       0.003385
=case          textgroup_SUITE:stats
=logfile       textgroup_suite.stats.html
=started       2024-07-31 16:05:09
=ended         2024-07-31 16:05:09
=result        ok
=elapsed       0.003235
=case          textgroup_SUITE:help
=logfile       textgroup_suite.help.html
=started       2024-07-31 16:05:09
=ended         2024-07-31 16:05:09
=result        ok
=elapsed       0.003569
=case          textgroup_SUITE:get_state
=logfile       textgroup_suite.get_state.html
=started       2024-07-31 16:05:09
=ended         2024-07-31 16:05:21
=result        ok
=elapsed       11.976302
=case          textgroup_SUITE:config_change
=logfile       textgroup_suite.config_change.html
=started       2024-07-31 16:05:21
=ended         2024-07-31 16:05:21
=result        ok
=elapsed       2.0e-5
=case          textgroup_SUITE:stop_server
=logfile       textgroup_suite.stop_server.html
=started       2024-07-31 16:05:21
=ended         2024-07-31 16:05:24
=result        ok
=elapsed       2.979589
=case          textgroup_SUITE:end_per_suite
=logfile       textgroup_suite.end_per_suite.html
=started       2024-07-31 16:05:24
=ended         2024-07-31 16:05:24
=result        ok
=elapsed       0.0
=group_time    15.165s
=== TEST COMPLETE, 7 ok, 0 failed of 7 test cases

=finished      2024-07-31 16:05:24
=failed        0
=successful    7
=user_skipped  0
=auto_skipped  0
=elapsed_time  15203756
