=== Suite started at 2025-05-24 10:57:13
=== Starting test, 7 test cases
=cases         7
=user          runner
=host          nohost
=hosts         nohost 
=emulator_vsn  15.2
=emulator      beam
=otp_release   27
=started       2025-05-24 10:57:13
=case          textgroup_SUITE:init_per_suite
=logfile       textgroup_suite.init_per_suite.html
=started       2025-05-24 10:57:13
=ended         2025-05-24 10:57:13
=result        ok
=elapsed       0.000005s
=case          textgroup_SUITE:start_server
=logfile       textgroup_suite.start_server.html
=started       2025-05-24 10:57:13
=ended         2025-05-24 10:57:13
=result        ok
=elapsed       0.008133s
=case          textgroup_SUITE:peers
=logfile       textgroup_suite.peers.html
=started       2025-05-24 10:57:13
=ended         2025-05-24 10:57:14
=result        ok
=elapsed       0.002924s
=case          textgroup_SUITE:stats
=logfile       textgroup_suite.stats.html
=started       2025-05-24 10:57:14
=ended         2025-05-24 10:57:14
=result        ok
=elapsed       0.002643s
=case          textgroup_SUITE:help
=logfile       textgroup_suite.help.html
=started       2025-05-24 10:57:14
=ended         2025-05-24 10:57:14
=result        ok
=elapsed       0.003248s
=case          textgroup_SUITE:get_state
=logfile       textgroup_suite.get_state.html
=started       2025-05-24 10:57:14
=ended         2025-05-24 10:57:26
=result        ok
=elapsed       11.977559s
=case          textgroup_SUITE:config_change
=logfile       textgroup_suite.config_change.html
=started       2025-05-24 10:57:26
=ended         2025-05-24 10:57:26
=result        ok
=elapsed       0.000031s
=case          textgroup_SUITE:stop_server
=logfile       textgroup_suite.stop_server.html
=started       2025-05-24 10:57:26
=ended         2025-05-24 10:57:29
=result        ok
=elapsed       2.979901s
=case          textgroup_SUITE:end_per_suite
=logfile       textgroup_suite.end_per_suite.html
=started       2025-05-24 10:57:29
=ended         2025-05-24 10:57:29
=result        ok
=elapsed       0.000000s
=group_time    15.162s
=== TEST COMPLETE, 7 ok, 0 failed of 7 test cases

=finished      2025-05-24 10:57:29
=failed        0
=successful    7
=user_skipped  0
=auto_skipped  0
=elapsed_time  15197531
