=== Suite started at 2023-05-25 07:34:27
=== Starting test, 7 test cases
=cases         7
=user          runner
=host          nohost
=hosts         nohost 
=emulator_vsn  14.0
=emulator      beam
=otp_release   26
=started       2023-05-25 07:34:27
=case          textgroup_SUITE:init_per_suite
=logfile       textgroup_suite.init_per_suite.html
=started       2023-05-25 07:34:27
=ended         2023-05-25 07:34:27
=result        ok
=elapsed       1.0e-5
=case          textgroup_SUITE:start_server
=logfile       textgroup_suite.start_server.html
=started       2023-05-25 07:34:27
=ended         2023-05-25 07:34:27
=result        ok
=elapsed       0.028345
=case          textgroup_SUITE:peers
=logfile       textgroup_suite.peers.html
=started       2023-05-25 07:34:27
=ended         2023-05-25 07:34:27
=result        ok
=elapsed       0.006097
=case          textgroup_SUITE:stats
=logfile       textgroup_suite.stats.html
=started       2023-05-25 07:34:27
=ended         2023-05-25 07:34:27
=result        ok
=elapsed       0.003544
=case          textgroup_SUITE:help
=logfile       textgroup_suite.help.html
=started       2023-05-25 07:34:27
=ended         2023-05-25 07:34:27
=result        ok
=elapsed       0.00634
=case          textgroup_SUITE:get_state
=logfile       textgroup_suite.get_state.html
=started       2023-05-25 07:34:27
=ended         2023-05-25 07:34:39
=result        ok
=elapsed       11.972543
=case          textgroup_SUITE:config_change
=logfile       textgroup_suite.config_change.html
=started       2023-05-25 07:34:39
=ended         2023-05-25 07:34:39
=result        ok
=elapsed       4.7e-5
=case          textgroup_SUITE:stop_server
=logfile       textgroup_suite.stop_server.html
=started       2023-05-25 07:34:39
=ended         2023-05-25 07:34:51
=result        ok
=elapsed       11.954326
=case          textgroup_SUITE:end_per_suite
=logfile       textgroup_suite.end_per_suite.html
=started       2023-05-25 07:34:51
=ended         2023-05-25 07:34:51
=result        ok
=elapsed       0.0
=group_time    24.179s
=== TEST COMPLETE, 7 ok, 0 failed of 7 test cases

=finished      2023-05-25 07:34:51
=failed        0
=successful    7
=user_skipped  0
=auto_skipped  0
