=== Suite started at 2025-05-24 11:17:10
=== Starting test, 7 test cases
=cases         7
=user          runner
=host          nohost
=hosts         nohost 
=emulator_vsn  16.0
=emulator      beam
=otp_release   28
=started       2025-05-24 11:17:10
=case          textgroup_SUITE:init_per_suite
=logfile       textgroup_suite.init_per_suite.html
=started       2025-05-24 11:17:10
=ended         2025-05-24 11:17:10
=result        ok
=elapsed       0.000006s
=case          textgroup_SUITE:start_server
=logfile       textgroup_suite.start_server.html
=started       2025-05-24 11:17:10
=ended         2025-05-24 11:17:10
=result        ok
=elapsed       0.007988s
=case          textgroup_SUITE:peers
=logfile       textgroup_suite.peers.html
=started       2025-05-24 11:17:10
=ended         2025-05-24 11:17:10
=result        ok
=elapsed       0.002805s
=case          textgroup_SUITE:stats
=logfile       textgroup_suite.stats.html
=started       2025-05-24 11:17:10
=ended         2025-05-24 11:17:10
=result        ok
=elapsed       0.002998s
=case          textgroup_SUITE:help
=logfile       textgroup_suite.help.html
=started       2025-05-24 11:17:10
=ended         2025-05-24 11:17:10
=result        ok
=elapsed       0.002962s
=case          textgroup_SUITE:get_state
=logfile       textgroup_suite.get_state.html
=started       2025-05-24 11:17:10
=ended         2025-05-24 11:17:22
=result        ok
=elapsed       11.979261s
=case          textgroup_SUITE:config_change
=logfile       textgroup_suite.config_change.html
=started       2025-05-24 11:17:22
=ended         2025-05-24 11:17:22
=result        ok
=elapsed       0.000054s
=case          textgroup_SUITE:stop_server
=logfile       textgroup_suite.stop_server.html
=started       2025-05-24 11:17:22
=ended         2025-05-24 11:17:25
=result        ok
=elapsed       2.980293s
=case          textgroup_SUITE:end_per_suite
=logfile       textgroup_suite.end_per_suite.html
=started       2025-05-24 11:17:25
=ended         2025-05-24 11:17:25
=result        ok
=elapsed       0.000000s
=group_time    15.162s
=== TEST COMPLETE, 7 ok, 0 failed of 7 test cases

=finished      2025-05-24 11:17:25
=failed        0
=successful    7
=user_skipped  0
=auto_skipped  0
=elapsed_time  15197853
