=== Suite started at 2023-07-27 14:54:38
=== Starting test, 7 test cases
=cases         7
=user          runner
=host          nohost
=hosts         nohost 
=emulator_vsn  14.0
=emulator      beam
=otp_release   26
=started       2023-07-27 14:54:38
=case          textgroup_SUITE:init_per_suite
=logfile       textgroup_suite.init_per_suite.html
=started       2023-07-27 14:54:38
=ended         2023-07-27 14:54:38
=result        ok
=elapsed       7.0e-6
=case          textgroup_SUITE:start_server
=logfile       textgroup_suite.start_server.html
=started       2023-07-27 14:54:38
=ended         2023-07-27 14:54:38
=result        ok
=elapsed       0.022683
=case          textgroup_SUITE:peers
=logfile       textgroup_suite.peers.html
=started       2023-07-27 14:54:38
=ended         2023-07-27 14:54:38
=result        ok
=elapsed       0.003052
=case          textgroup_SUITE:stats
=logfile       textgroup_suite.stats.html
=started       2023-07-27 14:54:38
=ended         2023-07-27 14:54:38
=result        ok
=elapsed       0.002704
=case          textgroup_SUITE:help
=logfile       textgroup_suite.help.html
=started       2023-07-27 14:54:38
=ended         2023-07-27 14:54:38
=result        ok
=elapsed       0.002842
=case          textgroup_SUITE:get_state
=logfile       textgroup_suite.get_state.html
=started       2023-07-27 14:54:38
=ended         2023-07-27 14:54:50
=result        ok
=elapsed       11.976348
=case          textgroup_SUITE:config_change
=logfile       textgroup_suite.config_change.html
=started       2023-07-27 14:54:50
=ended         2023-07-27 14:54:50
=result        ok
=elapsed       3.2e-5
=case          textgroup_SUITE:stop_server
=logfile       textgroup_suite.stop_server.html
=started       2023-07-27 14:54:50
=ended         2023-07-27 14:55:02
=result        ok
=elapsed       11.957514
=case          textgroup_SUITE:end_per_suite
=logfile       textgroup_suite.end_per_suite.html
=started       2023-07-27 14:55:02
=ended         2023-07-27 14:55:02
=result        ok
=elapsed       0.0
=group_time    24.163s
=== TEST COMPLETE, 7 ok, 0 failed of 7 test cases

=finished      2023-07-27 14:55:02
=failed        0
=successful    7
=user_skipped  0
=auto_skipped  0
