=== Suite started at 2022-03-30 10:34:36
=== Starting test, 5 test cases
=cases         5
=user          runner
=host          nohost
=hosts         nohost 
=emulator_vsn  12.3
=emulator      beam
=otp_release   24
=started       2022-03-30 10:34:36
=case          textgroup_SUITE:init_per_suite
=logfile       textgroup_suite.init_per_suite.html
=started       2022-03-30 10:34:36
=ended         2022-03-30 10:34:36
=result        ok
=elapsed       5.0e-6
=case          textgroup_SUITE:start_server
=logfile       textgroup_suite.start_server.html
=started       2022-03-30 10:34:36
=ended         2022-03-30 10:34:36
=result        ok
=elapsed       0.008658
=case          textgroup_SUITE:peers
=logfile       textgroup_suite.peers.html
=started       2022-03-30 10:34:36
=ended         2022-03-30 10:34:36
=result        ok
=elapsed       0.002609
=case          textgroup_SUITE:stats
=logfile       textgroup_suite.stats.html
=started       2022-03-30 10:34:36
=ended         2022-03-30 10:34:36
=result        ok
=elapsed       0.002992
=case          textgroup_SUITE:help
=logfile       textgroup_suite.help.html
=started       2022-03-30 10:34:36
=ended         2022-03-30 10:34:36
=result        ok
=elapsed       0.001968
=case          textgroup_SUITE:stop_server
=logfile       textgroup_suite.stop_server.html
=started       2022-03-30 10:34:36
=ended         2022-03-30 10:34:36
=result        ok
=elapsed       9.27e-4
=case          textgroup_SUITE:end_per_suite
=logfile       textgroup_suite.end_per_suite.html
=started       2022-03-30 10:34:36
=ended         2022-03-30 10:34:36
=result        ok
=elapsed       0.0
=group_time    0.173s
=== TEST COMPLETE, 5 ok, 0 failed of 5 test cases

=finished      2022-03-30 10:34:36
=failed        0
=successful    5
=user_skipped  0
=auto_skipped  0
