=== Suite started at 2023-05-18 18:31:18
=== Starting test, 7 test cases
=cases         7
=user          runner
=host          nohost
=hosts         nohost 
=emulator_vsn  13.2
=emulator      beam
=otp_release   25
=started       2023-05-18 18:31:18
=case          textgroup_SUITE:init_per_suite
=logfile       textgroup_suite.init_per_suite.html
=started       2023-05-18 18:31:18
=ended         2023-05-18 18:31:18
=result        ok
=elapsed       6.0e-6
=case          textgroup_SUITE:start_server
=logfile       textgroup_suite.start_server.html
=started       2023-05-18 18:31:18
=ended         2023-05-18 18:31:18
=result        ok
=elapsed       0.016163
=case          textgroup_SUITE:peers
=logfile       textgroup_suite.peers.html
=started       2023-05-18 18:31:18
=ended         2023-05-18 18:31:18
=result        ok
=elapsed       0.002811
=case          textgroup_SUITE:stats
=logfile       textgroup_suite.stats.html
=started       2023-05-18 18:31:18
=ended         2023-05-18 18:31:18
=result        ok
=elapsed       0.002475
=case          textgroup_SUITE:help
=logfile       textgroup_suite.help.html
=started       2023-05-18 18:31:18
=ended         2023-05-18 18:31:18
=result        ok
=elapsed       0.004541
=case          textgroup_SUITE:get_state
=logfile       textgroup_suite.get_state.html
=started       2023-05-18 18:31:18
=ended         2023-05-18 18:31:30
=result        ok
=elapsed       11.976009
=case          textgroup_SUITE:config_change
=logfile       textgroup_suite.config_change.html
=started       2023-05-18 18:31:30
=ended         2023-05-18 18:31:30
=result        ok
=elapsed       2.3e-5
=case          textgroup_SUITE:stop_server
=logfile       textgroup_suite.stop_server.html
=started       2023-05-18 18:31:30
=ended         2023-05-18 18:31:42
=result        ok
=elapsed       11.958389
=case          textgroup_SUITE:end_per_suite
=logfile       textgroup_suite.end_per_suite.html
=started       2023-05-18 18:31:42
=ended         2023-05-18 18:31:42
=result        ok
=elapsed       0.0
=group_time    24.160s
=== TEST COMPLETE, 7 ok, 0 failed of 7 test cases

=finished      2023-05-18 18:31:42
=failed        0
=successful    7
=user_skipped  0
=auto_skipped  0
