=== Suite started at 2023-08-09 17:53:42
=== Starting test, 7 test cases
=cases         7
=user          runner
=host          nohost
=hosts         nohost 
=emulator_vsn  14.0
=emulator      beam
=otp_release   26
=started       2023-08-09 17:53:42
=case          textgroup_SUITE:init_per_suite
=logfile       textgroup_suite.init_per_suite.html
=started       2023-08-09 17:53:42
=ended         2023-08-09 17:53:42
=result        ok
=elapsed       8.0e-6
=case          textgroup_SUITE:start_server
=logfile       textgroup_suite.start_server.html
=started       2023-08-09 17:53:42
=ended         2023-08-09 17:53:42
=result        ok
=elapsed       0.022929
=case          textgroup_SUITE:peers
=logfile       textgroup_suite.peers.html
=started       2023-08-09 17:53:42
=ended         2023-08-09 17:53:42
=result        ok
=elapsed       0.003476
=case          textgroup_SUITE:stats
=logfile       textgroup_suite.stats.html
=started       2023-08-09 17:53:42
=ended         2023-08-09 17:53:42
=result        ok
=elapsed       0.004825
=case          textgroup_SUITE:help
=logfile       textgroup_suite.help.html
=started       2023-08-09 17:53:42
=ended         2023-08-09 17:53:42
=result        ok
=elapsed       0.007226
=case          textgroup_SUITE:get_state
=logfile       textgroup_suite.get_state.html
=started       2023-08-09 17:53:42
=ended         2023-08-09 17:53:54
=result        ok
=elapsed       11.971503
=case          textgroup_SUITE:config_change
=logfile       textgroup_suite.config_change.html
=started       2023-08-09 17:53:54
=ended         2023-08-09 17:53:54
=result        ok
=elapsed       2.7e-5
=case          textgroup_SUITE:stop_server
=logfile       textgroup_suite.stop_server.html
=started       2023-08-09 17:53:54
=ended         2023-08-09 17:54:06
=result        ok
=elapsed       11.956736
=case          textgroup_SUITE:end_per_suite
=logfile       textgroup_suite.end_per_suite.html
=started       2023-08-09 17:54:06
=ended         2023-08-09 17:54:06
=result        ok
=elapsed       0.0
=group_time    24.169s
=== TEST COMPLETE, 7 ok, 0 failed of 7 test cases

=finished      2023-08-09 17:54:06
=failed        0
=successful    7
=user_skipped  0
=auto_skipped  0
