=== Suite started at 2024-09-20 16:07:20
=== Starting test, 7 test cases
=cases         7
=user          runner
=host          nohost
=hosts         nohost 
=emulator_vsn  15.1
=emulator      beam
=otp_release   27
=started       2024-09-20 16:07:20
=case          textgroup_SUITE:init_per_suite
=logfile       textgroup_suite.init_per_suite.html
=started       2024-09-20 16:07:20
=ended         2024-09-20 16:07:20
=result        ok
=elapsed       1.04e-4
=case          textgroup_SUITE:start_server
=logfile       textgroup_suite.start_server.html
=started       2024-09-20 16:07:20
=ended         2024-09-20 16:07:20
=result        ok
=elapsed       0.007614
=case          textgroup_SUITE:peers
=logfile       textgroup_suite.peers.html
=started       2024-09-20 16:07:20
=ended         2024-09-20 16:07:20
=result        ok
=elapsed       0.003043
=case          textgroup_SUITE:stats
=logfile       textgroup_suite.stats.html
=started       2024-09-20 16:07:20
=ended         2024-09-20 16:07:20
=result        ok
=elapsed       0.002352
=case          textgroup_SUITE:help
=logfile       textgroup_suite.help.html
=started       2024-09-20 16:07:20
=ended         2024-09-20 16:07:20
=result        ok
=elapsed       0.002755
=case          textgroup_SUITE:get_state
=logfile       textgroup_suite.get_state.html
=started       2024-09-20 16:07:20
=ended         2024-09-20 16:07:32
=result        ok
=elapsed       11.979259
=case          textgroup_SUITE:config_change
=logfile       textgroup_suite.config_change.html
=started       2024-09-20 16:07:32
=ended         2024-09-20 16:07:32
=result        ok
=elapsed       2.2e-5
=case          textgroup_SUITE:stop_server
=logfile       textgroup_suite.stop_server.html
=started       2024-09-20 16:07:32
=ended         2024-09-20 16:07:35
=result        ok
=elapsed       2.97973
=case          textgroup_SUITE:end_per_suite
=logfile       textgroup_suite.end_per_suite.html
=started       2024-09-20 16:07:35
=ended         2024-09-20 16:07:35
=result        ok
=elapsed       0.0
=group_time    15.160s
=== TEST COMPLETE, 7 ok, 0 failed of 7 test cases

=finished      2024-09-20 16:07:35
=failed        0
=successful    7
=user_skipped  0
=auto_skipped  0
=elapsed_time  15196775
