=== Suite started at 2024-07-31 16:43:38
=== Starting test, 7 test cases
=cases         7
=user          runner
=host          nohost
=hosts         nohost 
=emulator_vsn  15.0
=emulator      beam
=otp_release   27
=started       2024-07-31 16:43:38
=case          textgroup_SUITE:init_per_suite
=logfile       textgroup_suite.init_per_suite.html
=started       2024-07-31 16:43:38
=ended         2024-07-31 16:43:38
=result        ok
=elapsed       6.0e-6
=case          textgroup_SUITE:start_server
=logfile       textgroup_suite.start_server.html
=started       2024-07-31 16:43:38
=ended         2024-07-31 16:43:38
=result        ok
=elapsed       0.007497
=case          textgroup_SUITE:peers
=logfile       textgroup_suite.peers.html
=started       2024-07-31 16:43:38
=ended         2024-07-31 16:43:38
=result        ok
=elapsed       0.003574
=case          textgroup_SUITE:stats
=logfile       textgroup_suite.stats.html
=started       2024-07-31 16:43:38
=ended         2024-07-31 16:43:38
=result        ok
=elapsed       0.003351
=case          textgroup_SUITE:help
=logfile       textgroup_suite.help.html
=started       2024-07-31 16:43:38
=ended         2024-07-31 16:43:38
=result        ok
=elapsed       0.003447
=case          textgroup_SUITE:get_state
=logfile       textgroup_suite.get_state.html
=started       2024-07-31 16:43:38
=ended         2024-07-31 16:43:50
=result        ok
=elapsed       11.978054
=case          textgroup_SUITE:config_change
=logfile       textgroup_suite.config_change.html
=started       2024-07-31 16:43:50
=ended         2024-07-31 16:43:50
=result        ok
=elapsed       2.2e-5
=case          textgroup_SUITE:stop_server
=logfile       textgroup_suite.stop_server.html
=started       2024-07-31 16:43:50
=ended         2024-07-31 16:43:53
=result        ok
=elapsed       2.979866
=case          textgroup_SUITE:end_per_suite
=logfile       textgroup_suite.end_per_suite.html
=started       2024-07-31 16:43:53
=ended         2024-07-31 16:43:53
=result        ok
=elapsed       0.0
=group_time    15.165s
=== TEST COMPLETE, 7 ok, 0 failed of 7 test cases

=finished      2024-07-31 16:43:53
=failed        0
=successful    7
=user_skipped  0
=auto_skipped  0
=elapsed_time  15208617
