=== Suite started at 2024-07-31 15:48:27
=== Starting test, 7 test cases
=cases         7
=user          runner
=host          nohost
=hosts         nohost 
=emulator_vsn  15.0
=emulator      beam
=otp_release   27
=started       2024-07-31 15:48:27
=case          textgroup_SUITE:init_per_suite
=logfile       textgroup_suite.init_per_suite.html
=started       2024-07-31 15:48:27
=ended         2024-07-31 15:48:27
=result        ok
=elapsed       7.0e-6
=case          textgroup_SUITE:start_server
=logfile       textgroup_suite.start_server.html
=started       2024-07-31 15:48:27
=ended         2024-07-31 15:48:27
=result        ok
=elapsed       0.009647
=case          textgroup_SUITE:peers
=logfile       textgroup_suite.peers.html
=started       2024-07-31 15:48:27
=ended         2024-07-31 15:48:27
=result        ok
=elapsed       0.00315
=case          textgroup_SUITE:stats
=logfile       textgroup_suite.stats.html
=started       2024-07-31 15:48:27
=ended         2024-07-31 15:48:28
=result        ok
=elapsed       0.00368
=case          textgroup_SUITE:help
=logfile       textgroup_suite.help.html
=started       2024-07-31 15:48:28
=ended         2024-07-31 15:48:28
=result        ok
=elapsed       0.003213
=case          textgroup_SUITE:get_state
=logfile       textgroup_suite.get_state.html
=started       2024-07-31 15:48:28
=ended         2024-07-31 15:48:40
=result        ok
=elapsed       11.978778
=case          textgroup_SUITE:config_change
=logfile       textgroup_suite.config_change.html
=started       2024-07-31 15:48:40
=ended         2024-07-31 15:48:40
=result        ok
=elapsed       2.7e-5
=case          textgroup_SUITE:stop_server
=logfile       textgroup_suite.stop_server.html
=started       2024-07-31 15:48:40
=ended         2024-07-31 15:48:43
=result        ok
=elapsed       2.978165
=case          textgroup_SUITE:end_per_suite
=logfile       textgroup_suite.end_per_suite.html
=started       2024-07-31 15:48:43
=ended         2024-07-31 15:48:43
=result        ok
=elapsed       0.0
=group_time    15.168s
=== TEST COMPLETE, 7 ok, 0 failed of 7 test cases

=finished      2024-07-31 15:48:43
=failed        0
=successful    7
=user_skipped  0
=auto_skipped  0
=elapsed_time  15213637
