=== Suite started at 2024-02-25 19:59:06
=== Starting test, 7 test cases
=cases         7
=user          runner
=host          nohost
=hosts         nohost 
=emulator_vsn  14.2
=emulator      beam
=otp_release   26
=started       2024-02-25 19:59:06
=case          textgroup_SUITE:init_per_suite
=logfile       textgroup_suite.init_per_suite.html
=started       2024-02-25 19:59:06
=ended         2024-02-25 19:59:06
=result        ok
=elapsed       7.0e-6
=case          textgroup_SUITE:start_server
=logfile       textgroup_suite.start_server.html
=started       2024-02-25 19:59:06
=ended         2024-02-25 19:59:06
=result        ok
=elapsed       0.015801
=case          textgroup_SUITE:peers
=logfile       textgroup_suite.peers.html
=started       2024-02-25 19:59:06
=ended         2024-02-25 19:59:06
=result        ok
=elapsed       0.002795
=case          textgroup_SUITE:stats
=logfile       textgroup_suite.stats.html
=started       2024-02-25 19:59:06
=ended         2024-02-25 19:59:06
=result        ok
=elapsed       0.002468
=case          textgroup_SUITE:help
=logfile       textgroup_suite.help.html
=started       2024-02-25 19:59:06
=ended         2024-02-25 19:59:06
=result        ok
=elapsed       0.002713
=case          textgroup_SUITE:get_state
=logfile       textgroup_suite.get_state.html
=started       2024-02-25 19:59:06
=ended         2024-02-25 19:59:18
=result        ok
=elapsed       11.977779
=case          textgroup_SUITE:config_change
=logfile       textgroup_suite.config_change.html
=started       2024-02-25 19:59:18
=ended         2024-02-25 19:59:18
=result        ok
=elapsed       3.3e-5
=case          textgroup_SUITE:stop_server
=logfile       textgroup_suite.stop_server.html
=started       2024-02-25 19:59:18
=ended         2024-02-25 19:59:21
=result        ok
=elapsed       2.979127
=case          textgroup_SUITE:end_per_suite
=logfile       textgroup_suite.end_per_suite.html
=started       2024-02-25 19:59:21
=ended         2024-02-25 19:59:21
=result        ok
=elapsed       0.0
=group_time    15.171s
=== TEST COMPLETE, 7 ok, 0 failed of 7 test cases

=finished      2024-02-25 19:59:21
=failed        0
=successful    7
=user_skipped  0
=auto_skipped  0
