=== Suite started at 2023-05-18 18:42:25
=== Starting test, 7 test cases
=cases         7
=user          runner
=host          nohost
=hosts         nohost 
=emulator_vsn  14.0
=emulator      beam
=otp_release   26
=started       2023-05-18 18:42:25
=case          textgroup_SUITE:init_per_suite
=logfile       textgroup_suite.init_per_suite.html
=started       2023-05-18 18:42:25
=ended         2023-05-18 18:42:25
=result        ok
=elapsed       6.0e-6
=case          textgroup_SUITE:start_server
=logfile       textgroup_suite.start_server.html
=started       2023-05-18 18:42:25
=ended         2023-05-18 18:42:25
=result        ok
=elapsed       0.015754
=case          textgroup_SUITE:peers
=logfile       textgroup_suite.peers.html
=started       2023-05-18 18:42:25
=ended         2023-05-18 18:42:25
=result        ok
=elapsed       0.00297
=case          textgroup_SUITE:stats
=logfile       textgroup_suite.stats.html
=started       2023-05-18 18:42:25
=ended         2023-05-18 18:42:25
=result        ok
=elapsed       0.002581
=case          textgroup_SUITE:help
=logfile       textgroup_suite.help.html
=started       2023-05-18 18:42:25
=ended         2023-05-18 18:42:25
=result        ok
=elapsed       0.003194
=case          textgroup_SUITE:get_state
=logfile       textgroup_suite.get_state.html
=started       2023-05-18 18:42:25
=ended         2023-05-18 18:42:37
=result        ok
=elapsed       11.976484
=case          textgroup_SUITE:config_change
=logfile       textgroup_suite.config_change.html
=started       2023-05-18 18:42:37
=ended         2023-05-18 18:42:37
=result        ok
=elapsed       3.4e-5
=case          textgroup_SUITE:stop_server
=logfile       textgroup_suite.stop_server.html
=started       2023-05-18 18:42:37
=ended         2023-05-18 18:42:49
=result        ok
=elapsed       11.956091
=case          textgroup_SUITE:end_per_suite
=logfile       textgroup_suite.end_per_suite.html
=started       2023-05-18 18:42:49
=ended         2023-05-18 18:42:49
=result        ok
=elapsed       0.0
=group_time    24.161s
=== TEST COMPLETE, 7 ok, 0 failed of 7 test cases

=finished      2023-05-18 18:42:49
=failed        0
=successful    7
=user_skipped  0
=auto_skipped  0
