=== Suite started at 2022-07-07 09:47:30
=== Starting test, 5 test cases
=cases         5
=user          runner
=host          nohost
=hosts         nohost 
=emulator_vsn  13.0
=emulator      beam
=otp_release   25
=started       2022-07-07 09:47:30
=case          textgroup_SUITE:init_per_suite
=logfile       textgroup_suite.init_per_suite.html
=started       2022-07-07 09:47:30
=ended         2022-07-07 09:47:30
=result        ok
=elapsed       6.0e-6
=case          textgroup_SUITE:start_server
=logfile       textgroup_suite.start_server.html
=started       2022-07-07 09:47:30
=ended         2022-07-07 09:47:30
=result        ok
=elapsed       0.013872
=case          textgroup_SUITE:peers
=logfile       textgroup_suite.peers.html
=started       2022-07-07 09:47:30
=ended         2022-07-07 09:47:30
=result        ok
=elapsed       0.003462
=case          textgroup_SUITE:stats
=logfile       textgroup_suite.stats.html
=started       2022-07-07 09:47:30
=ended         2022-07-07 09:47:30
=result        ok
=elapsed       0.00366
=case          textgroup_SUITE:help
=logfile       textgroup_suite.help.html
=started       2022-07-07 09:47:30
=ended         2022-07-07 09:47:30
=result        ok
=elapsed       0.003166
=case          textgroup_SUITE:stop_server
=logfile       textgroup_suite.stop_server.html
=started       2022-07-07 09:47:30
=ended         2022-07-07 09:47:31
=result        ok
=elapsed       0.001028
=case          textgroup_SUITE:end_per_suite
=logfile       textgroup_suite.end_per_suite.html
=started       2022-07-07 09:47:31
=ended         2022-07-07 09:47:31
=result        ok
=elapsed       0.0
=group_time    0.180s
=== TEST COMPLETE, 5 ok, 0 failed of 5 test cases

=finished      2022-07-07 09:47:31
=failed        0
=successful    5
=user_skipped  0
=auto_skipped  0
