=== Suite started at 2022-08-26 11:34:49
=== Starting test, 6 test cases
=cases         6
=user          runner
=host          nohost
=hosts         nohost 
=emulator_vsn  13.0
=emulator      beam
=otp_release   25
=started       2022-08-26 11:34:49
=case          textgroup_SUITE:init_per_suite
=logfile       textgroup_suite.init_per_suite.html
=started       2022-08-26 11:34:49
=ended         2022-08-26 11:34:49
=result        ok
=elapsed       7.0e-6
=case          textgroup_SUITE:start_server
=logfile       textgroup_suite.start_server.html
=started       2022-08-26 11:34:49
=ended         2022-08-26 11:34:49
=result        ok
=elapsed       0.014334
=case          textgroup_SUITE:peers
=logfile       textgroup_suite.peers.html
=started       2022-08-26 11:34:49
=ended         2022-08-26 11:34:49
=result        ok
=elapsed       0.004046
=case          textgroup_SUITE:stats
=logfile       textgroup_suite.stats.html
=started       2022-08-26 11:34:49
=ended         2022-08-26 11:34:49
=result        ok
=elapsed       0.004032
=case          textgroup_SUITE:help
=logfile       textgroup_suite.help.html
=started       2022-08-26 11:34:49
=ended         2022-08-26 11:34:50
=result        ok
=elapsed       0.004054
=case          textgroup_SUITE:config_change
=logfile       textgroup_suite.config_change.html
=started       2022-08-26 11:34:50
=ended         2022-08-26 11:34:50
=result        ok
=elapsed       3.2e-5
=case          textgroup_SUITE:stop_server
=logfile       textgroup_suite.stop_server.html
=started       2022-08-26 11:34:50
=ended         2022-08-26 11:34:50
=result        ok
=elapsed       0.001706
=case          textgroup_SUITE:end_per_suite
=logfile       textgroup_suite.end_per_suite.html
=started       2022-08-26 11:34:50
=ended         2022-08-26 11:34:50
=result        ok
=elapsed       1.0e-6
=group_time    0.213s
=== TEST COMPLETE, 6 ok, 0 failed of 6 test cases

=finished      2022-08-26 11:34:50
=failed        0
=successful    6
=user_skipped  0
=auto_skipped  0
