=== Suite started at 2024-09-20 16:10:21
=== Starting test, 7 test cases
=cases         7
=user          runner
=host          nohost
=hosts         nohost 
=emulator_vsn  15.1
=emulator      beam
=otp_release   27
=started       2024-09-20 16:10:21
=case          textgroup_SUITE:init_per_suite
=logfile       textgroup_suite.init_per_suite.html
=started       2024-09-20 16:10:21
=ended         2024-09-20 16:10:21
=result        ok
=elapsed       5.0e-6
=case          textgroup_SUITE:start_server
=logfile       textgroup_suite.start_server.html
=started       2024-09-20 16:10:21
=ended         2024-09-20 16:10:21
=result        ok
=elapsed       0.00958
=case          textgroup_SUITE:peers
=logfile       textgroup_suite.peers.html
=started       2024-09-20 16:10:21
=ended         2024-09-20 16:10:21
=result        ok
=elapsed       0.002886
=case          textgroup_SUITE:stats
=logfile       textgroup_suite.stats.html
=started       2024-09-20 16:10:21
=ended         2024-09-20 16:10:21
=result        ok
=elapsed       0.003074
=case          textgroup_SUITE:help
=logfile       textgroup_suite.help.html
=started       2024-09-20 16:10:21
=ended         2024-09-20 16:10:21
=result        ok
=elapsed       0.002849
=case          textgroup_SUITE:get_state
=logfile       textgroup_suite.get_state.html
=started       2024-09-20 16:10:21
=ended         2024-09-20 16:10:33
=result        ok
=elapsed       11.97824
=case          textgroup_SUITE:config_change
=logfile       textgroup_suite.config_change.html
=started       2024-09-20 16:10:33
=ended         2024-09-20 16:10:33
=result        ok
=elapsed       2.6e-5
=case          textgroup_SUITE:stop_server
=logfile       textgroup_suite.stop_server.html
=started       2024-09-20 16:10:33
=ended         2024-09-20 16:10:36
=result        ok
=elapsed       2.9781
=case          textgroup_SUITE:end_per_suite
=logfile       textgroup_suite.end_per_suite.html
=started       2024-09-20 16:10:36
=ended         2024-09-20 16:10:36
=result        ok
=elapsed       0.0
=group_time    15.165s
=== TEST COMPLETE, 7 ok, 0 failed of 7 test cases

=finished      2024-09-20 16:10:36
=failed        0
=successful    7
=user_skipped  0
=auto_skipped  0
=elapsed_time  15202738
