=== Suite started at 2024-02-25 19:37:57
=== Starting test, 7 test cases
=cases         7
=user          runner
=host          nohost
=hosts         nohost 
=emulator_vsn  14.1
=emulator      beam
=otp_release   26
=started       2024-02-25 19:37:57
=case          textgroup_SUITE:init_per_suite
=logfile       textgroup_suite.init_per_suite.html
=started       2024-02-25 19:37:57
=ended         2024-02-25 19:37:57
=result        ok
=elapsed       7.0e-6
=case          textgroup_SUITE:start_server
=logfile       textgroup_suite.start_server.html
=started       2024-02-25 19:37:57
=ended         2024-02-25 19:37:57
=result        ok
=elapsed       0.011336
=case          textgroup_SUITE:peers
=logfile       textgroup_suite.peers.html
=started       2024-02-25 19:37:57
=ended         2024-02-25 19:37:57
=result        ok
=elapsed       0.002683
=case          textgroup_SUITE:stats
=logfile       textgroup_suite.stats.html
=started       2024-02-25 19:37:57
=ended         2024-02-25 19:37:57
=result        ok
=elapsed       0.002924
=case          textgroup_SUITE:help
=logfile       textgroup_suite.help.html
=started       2024-02-25 19:37:57
=ended         2024-02-25 19:37:57
=result        ok
=elapsed       0.003248
=case          textgroup_SUITE:get_state
=logfile       textgroup_suite.get_state.html
=started       2024-02-25 19:37:57
=ended         2024-02-25 19:38:09
=result        ok
=elapsed       11.978269
=case          textgroup_SUITE:config_change
=logfile       textgroup_suite.config_change.html
=started       2024-02-25 19:38:09
=ended         2024-02-25 19:38:09
=result        ok
=elapsed       2.9e-5
=case          textgroup_SUITE:stop_server
=logfile       textgroup_suite.stop_server.html
=started       2024-02-25 19:38:09
=ended         2024-02-25 19:38:21
=result        ok
=elapsed       11.959207
=case          textgroup_SUITE:end_per_suite
=logfile       textgroup_suite.end_per_suite.html
=started       2024-02-25 19:38:21
=ended         2024-02-25 19:38:21
=result        ok
=elapsed       0.0
=group_time    24.141s
=== TEST COMPLETE, 7 ok, 0 failed of 7 test cases

=finished      2024-02-25 19:38:21
=failed        0
=successful    7
=user_skipped  0
=auto_skipped  0
