=== Suite started at 2023-05-18 18:33:57
=== Starting test, 7 test cases
=cases         7
=user          runner
=host          nohost
=hosts         nohost 
=emulator_vsn  14.0
=emulator      beam
=otp_release   26
=started       2023-05-18 18:33:57
=case          textgroup_SUITE:init_per_suite
=logfile       textgroup_suite.init_per_suite.html
=started       2023-05-18 18:33:57
=ended         2023-05-18 18:33:57
=result        ok
=elapsed       8.0e-6
=case          textgroup_SUITE:start_server
=logfile       textgroup_suite.start_server.html
=started       2023-05-18 18:33:57
=ended         2023-05-18 18:33:57
=result        ok
=elapsed       0.014222
=case          textgroup_SUITE:peers
=logfile       textgroup_suite.peers.html
=started       2023-05-18 18:33:57
=ended         2023-05-18 18:33:57
=result        ok
=elapsed       0.004605
=case          textgroup_SUITE:stats
=logfile       textgroup_suite.stats.html
=started       2023-05-18 18:33:57
=ended         2023-05-18 18:33:57
=result        ok
=elapsed       0.003872
=case          textgroup_SUITE:help
=logfile       textgroup_suite.help.html
=started       2023-05-18 18:33:57
=ended         2023-05-18 18:33:57
=result        ok
=elapsed       0.005303
=case          textgroup_SUITE:get_state
=logfile       textgroup_suite.get_state.html
=started       2023-05-18 18:33:57
=ended         2023-05-18 18:34:09
=result        ok
=elapsed       11.974653
=case          textgroup_SUITE:config_change
=logfile       textgroup_suite.config_change.html
=started       2023-05-18 18:34:09
=ended         2023-05-18 18:34:09
=result        ok
=elapsed       4.3e-5
=case          textgroup_SUITE:stop_server
=logfile       textgroup_suite.stop_server.html
=started       2023-05-18 18:34:09
=ended         2023-05-18 18:34:21
=result        ok
=elapsed       11.935769
=case          textgroup_SUITE:end_per_suite
=logfile       textgroup_suite.end_per_suite.html
=started       2023-05-18 18:34:21
=ended         2023-05-18 18:34:21
=result        ok
=elapsed       1.0e-6
=group_time    24.167s
=== TEST COMPLETE, 7 ok, 0 failed of 7 test cases

=finished      2023-05-18 18:34:21
=failed        0
=successful    7
=user_skipped  0
=auto_skipped  0
