=== Suite started at 2024-12-17 12:04:04
=== Starting test, 7 test cases
=cases         7
=user          runner
=host          nohost
=hosts         nohost 
=emulator_vsn  15.2
=emulator      beam
=otp_release   27
=started       2024-12-17 12:04:04
=case          textgroup_SUITE:init_per_suite
=logfile       textgroup_suite.init_per_suite.html
=started       2024-12-17 12:04:04
=ended         2024-12-17 12:04:04
=result        ok
=elapsed       0.000006s
=case          textgroup_SUITE:start_server
=logfile       textgroup_suite.start_server.html
=started       2024-12-17 12:04:04
=ended         2024-12-17 12:04:04
=result        ok
=elapsed       0.008065s
=case          textgroup_SUITE:peers
=logfile       textgroup_suite.peers.html
=started       2024-12-17 12:04:04
=ended         2024-12-17 12:04:04
=result        ok
=elapsed       0.003317s
=case          textgroup_SUITE:stats
=logfile       textgroup_suite.stats.html
=started       2024-12-17 12:04:04
=ended         2024-12-17 12:04:04
=result        ok
=elapsed       0.002696s
=case          textgroup_SUITE:help
=logfile       textgroup_suite.help.html
=started       2024-12-17 12:04:04
=ended         2024-12-17 12:04:05
=result        ok
=elapsed       0.003165s
=case          textgroup_SUITE:get_state
=logfile       textgroup_suite.get_state.html
=started       2024-12-17 12:04:05
=ended         2024-12-17 12:04:17
=result        ok
=elapsed       11.977814s
=case          textgroup_SUITE:config_change
=logfile       textgroup_suite.config_change.html
=started       2024-12-17 12:04:17
=ended         2024-12-17 12:04:17
=result        ok
=elapsed       0.000023s
=case          textgroup_SUITE:stop_server
=logfile       textgroup_suite.stop_server.html
=started       2024-12-17 12:04:17
=ended         2024-12-17 12:04:20
=result        ok
=elapsed       2.979322s
=case          textgroup_SUITE:end_per_suite
=logfile       textgroup_suite.end_per_suite.html
=started       2024-12-17 12:04:20
=ended         2024-12-17 12:04:20
=result        ok
=elapsed       0.000000s
=group_time    15.165s
=== TEST COMPLETE, 7 ok, 0 failed of 7 test cases

=finished      2024-12-17 12:04:20
=failed        0
=successful    7
=user_skipped  0
=auto_skipped  0
=elapsed_time  15210758
