=== Suite started at 2022-08-22 09:45:24
=== Starting test, 6 test cases
=cases         6
=user          runner
=host          nohost
=hosts         nohost 
=emulator_vsn  13.0
=emulator      beam
=otp_release   25
=started       2022-08-22 09:45:24
=case          textgroup_SUITE:init_per_suite
=logfile       textgroup_suite.init_per_suite.html
=started       2022-08-22 09:45:24
=ended         2022-08-22 09:45:24
=result        ok
=elapsed       5.0e-6
=case          textgroup_SUITE:start_server
=logfile       textgroup_suite.start_server.html
=started       2022-08-22 09:45:24
=ended         2022-08-22 09:45:24
=result        ok
=elapsed       0.011053
=case          textgroup_SUITE:peers
=logfile       textgroup_suite.peers.html
=started       2022-08-22 09:45:24
=ended         2022-08-22 09:45:24
=result        ok
=elapsed       0.003136
=case          textgroup_SUITE:stats
=logfile       textgroup_suite.stats.html
=started       2022-08-22 09:45:24
=ended         2022-08-22 09:45:24
=result        ok
=elapsed       0.002705
=case          textgroup_SUITE:help
=logfile       textgroup_suite.help.html
=started       2022-08-22 09:45:24
=ended         2022-08-22 09:45:24
=result        ok
=elapsed       0.002888
=case          textgroup_SUITE:config_change
=logfile       textgroup_suite.config_change.html
=started       2022-08-22 09:45:24
=ended         2022-08-22 09:45:24
=result        ok
=elapsed       5.1e-5
=case          textgroup_SUITE:stop_server
=logfile       textgroup_suite.stop_server.html
=started       2022-08-22 09:45:24
=ended         2022-08-22 09:45:24
=result        ok
=elapsed       0.001153
=case          textgroup_SUITE:end_per_suite
=logfile       textgroup_suite.end_per_suite.html
=started       2022-08-22 09:45:24
=ended         2022-08-22 09:45:24
=result        ok
=elapsed       1.0e-6
=group_time    0.197s
=== TEST COMPLETE, 6 ok, 0 failed of 6 test cases

=finished      2022-08-22 09:45:24
=failed        0
=successful    6
=user_skipped  0
=auto_skipped  0
